\BOOKMARK [0][-]{chapter.1}{\376\377\155\367\124\010\217\175\154\342\220\032\117\341\174\373\176\337\124\014\153\145\142\200\147\057\170\024\172\166}{}% 1
\BOOKMARK [1][-]{section.1.1}{\376\377\213\376\230\230\147\145\156\220\123\312\170\024\172\166\166\204\200\314\146\157\141\017\116\111}{chapter.1}% 2
\BOOKMARK [2][-]{subsection.1.1.1}{\376\377\213\376\230\230\166\204\147\145\156\220}{section.1.1}% 3
\BOOKMARK [2][-]{subsection.1.1.2}{\376\377\213\376\230\230\170\024\172\166\200\314\146\157\123\312\141\017\116\111}{section.1.1}% 4
\BOOKMARK [1][-]{section.1.2}{\376\377\126\375\121\205\131\026\127\050\213\345\145\271\124\021\166\204\170\024\172\166\163\260\162\266\123\312\122\006\147\220}{chapter.1}% 5
\BOOKMARK [2][-]{subsection.1.2.1}{\376\377\122\240\147\103\174\173\122\006\145\160\120\205\221\314\123\366\123\330\143\142\170\024\172\166\163\260\162\266}{section.1.2}% 6
\BOOKMARK [2][-]{subsection.1.2.2}{\376\377\122\240\147\103\174\173\122\006\145\160\120\205\221\314\123\366\123\330\143\142\127\050\220\032\117\341\230\206\127\337\166\204\136\224\165\050}{section.1.2}% 7
\BOOKMARK [2][-]{subsection.1.2.3}{\376\377\220\032\117\341\174\373\176\337\124\014\153\145\142\200\147\057\164\006\213\272\116\016\170\024\172\166\163\260\162\266}{section.1.2}% 8
\BOOKMARK [1][-]{section.1.3}{\376\377\116\073\211\201\170\024\172\166\121\205\133\271}{chapter.1}% 9
\BOOKMARK [2][-]{subsection.1.3.1}{\376\377\122\240\147\103\122\006\145\160\120\205\221\314\123\366\123\330\143\142\164\006\213\272\127\372\170\100}{section.1.3}% 10
\BOOKMARK [2][-]{subsection.1.3.2}{\376\377\127\372\116\216\000\040\0004\000-\000W\000F\000R\000F\000T\000\040\166\204\123\330\143\142\127\337\220\032\117\341\174\373\176\337}{section.1.3}% 11
\BOOKMARK [1][-]{section.1.4}{\376\377\135\362\133\214\142\020\166\204\170\024\172\166\135\345\117\134}{chapter.1}% 12
\BOOKMARK [2][-]{subsection.1.4.1}{\376\377\124\014\153\145\120\117\135\356\133\371\155\367\124\010\217\175\154\342\220\032\117\341\174\373\176\337\166\204\137\161\124\315}{section.1.4}% 13
\BOOKMARK [2][-]{subsection.1.4.2}{\376\377\127\372\116\216\137\252\163\257\122\115\177\000\166\204\124\014\153\145\173\227\154\325}{section.1.4}% 14
\BOOKMARK [1][-]{section.1.5}{\376\377\170\024\172\166\145\271\150\110\123\312\217\333\136\246\133\211\143\222\377\014\230\204\147\037\217\276\122\060\166\204\166\356\150\007\124\214\123\326\137\227\166\204\170\024\172\166\142\020\147\234}{chapter.1}% 15
\BOOKMARK [2][-]{subsection.1.5.1}{\376\377\170\024\172\166\145\271\150\110}{section.1.5}% 16
\BOOKMARK [2][-]{subsection.1.5.2}{\376\377\230\204\147\037\217\276\122\060\166\204\166\356\150\007\124\214\123\326\137\227\166\204\170\024\172\166\142\020\147\234}{section.1.5}% 17
\BOOKMARK [2][-]{subsection.1.5.3}{\376\377\217\333\136\246\133\211\143\222}{section.1.5}% 18
\BOOKMARK [1][-]{section.1.6}{\376\377\116\072\133\214\142\020\213\376\230\230\135\362\121\167\131\007\124\214\142\100\227\000\166\204\147\141\116\366\124\214\176\317\215\071}{chapter.1}% 19
\BOOKMARK [1][-]{section.1.7}{\376\377\230\204\213\241\170\024\172\166\217\307\172\013\116\055\123\357\200\375\220\107\122\060\166\204\126\360\226\276\124\214\225\356\230\230\377\014\116\345\123\312\211\343\121\263\166\204\143\252\145\275}{chapter.1}% 20
